D, [2014-06-19T09:02:20.184697 #16729] DEBUG -- :   [1m[36m (0.1ms)[0m  [1mbegin transaction[0m
D, [2014-06-19T09:02:20.192461 #16729] DEBUG -- :   [1m[35mSQL (0.5ms)[0m  INSERT INTO "gigs" ("address", "gigdate", "time", "venue") VALUES (?, ?, ?, ?)  [["address", "PJ O'briens"], ["gigdate", "2015-12-02"], ["time", "02:00"], ["venue", "GA"]]
D, [2014-06-19T09:02:20.193518 #16729] DEBUG -- :   [1m[36m (0.7ms)[0m  [1mcommit transaction[0m
D, [2014-06-19T09:02:20.205066 #16729] DEBUG -- :   [1m[35mGig Load (0.4ms)[0m  SELECT "gigs".* FROM "gigs"
D, [2014-06-19T09:04:43.429082 #16729] DEBUG -- :   [1m[36mGig Load (0.2ms)[0m  [1mSELECT "gigs".* FROM "gigs"[0m
D, [2014-06-19T09:04:50.919656 #16729] DEBUG -- :   [1m[35mGig Load (0.3ms)[0m  SELECT "gigs".* FROM "gigs"
D, [2014-06-19T09:04:52.194422 #16729] DEBUG -- :   [1m[36mGig Load (0.3ms)[0m  [1mSELECT "gigs".* FROM "gigs"[0m
D, [2014-06-19T09:04:53.235612 #16729] DEBUG -- :   [1m[35mGig Load (0.5ms)[0m  SELECT "gigs".* FROM "gigs"
D, [2014-06-19T09:04:56.873145 #16729] DEBUG -- :   [1m[36mGig Load (0.3ms)[0m  [1mSELECT "gigs".* FROM "gigs"[0m
D, [2014-06-19T09:05:13.961544 #16729] DEBUG -- :   [1m[35mGig Load (0.3ms)[0m  SELECT "gigs".* FROM "gigs"
D, [2014-06-19T09:07:48.668407 #16729] DEBUG -- :   [1m[36mGig Load (0.3ms)[0m  [1mSELECT "gigs".* FROM "gigs"[0m
D, [2014-06-19T09:09:17.917886 #16729] DEBUG -- :   [1m[35mGig Load (0.2ms)[0m  SELECT "gigs".* FROM "gigs"
D, [2014-06-19T09:10:16.679009 #16729] DEBUG -- :   [1m[36mGig Load (0.3ms)[0m  [1mSELECT "gigs".* FROM "gigs"[0m
D, [2014-06-19T09:10:40.667453 #16729] DEBUG -- :   [1m[35mGig Load (0.2ms)[0m  SELECT "gigs".* FROM "gigs"
D, [2014-06-19T09:10:58.045766 #16729] DEBUG -- :   [1m[36mGig Load (0.2ms)[0m  [1mSELECT "gigs".* FROM "gigs"[0m
D, [2014-06-19T09:11:17.776240 #16729] DEBUG -- :   [1m[35mGig Load (0.3ms)[0m  SELECT "gigs".* FROM "gigs"
D, [2014-06-19T09:11:32.236220 #16729] DEBUG -- :   [1m[36mGig Load (0.2ms)[0m  [1mSELECT "gigs".* FROM "gigs"[0m
D, [2014-06-19T09:12:21.706503 #16729] DEBUG -- :   [1m[35mGig Load (0.2ms)[0m  SELECT "gigs".* FROM "gigs"
D, [2014-06-19T09:14:25.954490 #16729] DEBUG -- :   [1m[36mGig Load (0.3ms)[0m  [1mSELECT  "gigs".* FROM "gigs"  WHERE "gigs"."id" = ? LIMIT 1[0m  [["id", 1]]
D, [2014-06-19T09:14:51.907540 #16729] DEBUG -- :   [1m[35m (0.1ms)[0m  begin transaction
D, [2014-06-19T09:14:51.909190 #16729] DEBUG -- :   [1m[36mSQL (0.4ms)[0m  [1mINSERT INTO "gigs" ("address", "gigdate", "time", "venue") VALUES (?, ?, ?, ?)[0m  [["address", "York Street 58"], ["gigdate", "2016-02-02"], ["time", "02:00"], ["venue", "GA"]]
D, [2014-06-19T09:14:51.912436 #16729] DEBUG -- :   [1m[35m (2.9ms)[0m  commit transaction
D, [2014-06-19T09:14:51.921547 #16729] DEBUG -- :   [1m[36mGig Load (0.2ms)[0m  [1mSELECT "gigs".* FROM "gigs"[0m
D, [2014-06-19T09:27:40.833695 #16729] DEBUG -- :   [1m[35mGig Load (0.3ms)[0m  SELECT "gigs".* FROM "gigs"
